0 silly argv {
0 silly argv   _: [ 'run' ],
0 silly argv   scope: 'web',
0 silly argv   lernaVersion: '3.22.1',
0 silly argv   '$0': '/Users/denglian/MyWork/Study/monitor/node_modules/.bin/lerna',
0 silly argv   script: 'start'
0 silly argv }
1 notice cli v3.22.1
2 verbose rootPath /Users/denglian/MyWork/Study/monitor
3 notice filter including "web"
4 info filter [ 'web' ]
5 error TypeError: Cannot read property 'split' of undefined
5 error     at Minimatch.match (/Users/denglian/MyWork/Study/monitor/node_modules/minimatch/minimatch.js:717:9)
5 error     at /Users/denglian/MyWork/Study/monitor/node_modules/minimatch/minimatch.js:691:15
5 error     at Array.filter (<anonymous>)
5 error     at Function.minimatch.match (/Users/denglian/MyWork/Study/monitor/node_modules/minimatch/minimatch.js:690:15)
5 error     at /Users/denglian/MyWork/Study/monitor/node_modules/multimatch/index.js:23:33
5 error     at Array.reduce (<anonymous>)
5 error     at module.exports (/Users/denglian/MyWork/Study/monitor/node_modules/multimatch/index.js:15:18)
5 error     at filterPackages (/Users/denglian/MyWork/Study/monitor/node_modules/@lerna/filter-packages/filter-packages.js:45:28)
